<?xml version="1.0" encoding="UTF-8"?>
<testng-results skipped="0" failed="0" ignored="0" total="1" passed="1">
  <reporter-output>
  </reporter-output>
  <suite name="Surefire suite" duration-ms="105714" started-at="2023-07-04T21:51:44 IST" finished-at="2023-07-04T21:53:30 IST">
    <groups>
    </groups>
    <test name="Surefire test" duration-ms="105714" started-at="2023-07-04T21:51:44 IST" finished-at="2023-07-04T21:53:30 IST">
      <class name="SeleniumGrid4.Grid4.BaseTest">
        <test-method status="PASS" signature="setDriver()[pri:0, instance:SeleniumGrid4.Grid4.BaseTest@646d64ab]" name="setDriver" duration-ms="105230" started-at="2023-07-04T21:51:44 IST" finished-at="2023-07-04T21:53:30 IST">
          <reporter-output>
          </reporter-output>
        </test-method> <!-- setDriver -->
        <test-method status="PASS" signature="closeBrowser()[pri:0, instance:SeleniumGrid4.Grid4.BaseTest@646d64ab]" name="closeBrowser" is-config="true" duration-ms="443" started-at="2023-07-04T21:53:30 IST" finished-at="2023-07-04T21:53:30 IST">
          <reporter-output>
          </reporter-output>
        </test-method> <!-- closeBrowser -->
      </class> <!-- SeleniumGrid4.Grid4.BaseTest -->
    </test> <!-- Surefire test -->
  </suite> <!-- Surefire suite -->
</testng-results>
